DEBUG - 2025-08-12 10:08:06 --> Session: Class initialized using 'CodeIgniter\Session\Handlers\FileHandler' driver.
DEBUG - 2025-08-12 10:26:49 --> Session: Class initialized using 'CodeIgniter\Session\Handlers\FileHandler' driver.
DEBUG - 2025-08-12 11:12:47 --> Session: Class initialized using 'CodeIgniter\Session\Handlers\FileHandler' driver.
DEBUG - 2025-08-12 15:58:11 --> Session: Class initialized using 'CodeIgniter\Session\Handlers\FileHandler' driver.
CRITICAL - 2025-08-12 15:59:14 --> ErrorException: Cannot redeclare class App\Models\vendor\UserModel (previously declared in C:\xampp\htdocs\ciapp\app\Models\vendor\UserModel.php:6)
[Method: POST, Route: vendor/User/ajaxRegister]
in APPPATH\Models\vendor\UserVerifyModel.php on line 6.
 1 [internal function]: CodeIgniter\Debug\Exceptions->shutdownHandler()
CRITICAL - 2025-08-12 16:02:43 --> Error: Class "App\Models\vendor\UserVerifyModel" not found
[Method: POST, Route: vendor/User/ajaxRegister]
in APPPATH\Controllers\vendor\User.php on line 15.
 1 SYSTEMPATH\CodeIgniter.php(903): App\Controllers\vendor\User->__construct()
 2 SYSTEMPATH\CodeIgniter.php(498): CodeIgniter\CodeIgniter->createController()
 3 SYSTEMPATH\CodeIgniter.php(354): CodeIgniter\CodeIgniter->handleRequest(null, Object(Config\Cache), false)
 4 SYSTEMPATH\Boot.php(363): CodeIgniter\CodeIgniter->run()
 5 SYSTEMPATH\Boot.php(68): CodeIgniter\Boot::runCodeIgniter(Object(CodeIgniter\CodeIgniter))
 6 FCPATH\index.php(59): CodeIgniter\Boot::bootWeb(Object(Config\Paths))
ERROR - 2025-08-12 16:05:05 --> Email: sendWithMail throwed ErrorException: mail(): Failed to connect to mailserver at &quot;localhost&quot; port 25, verify your &quot;SMTP&quot; and &quot;smtp_port&quot; setting in php.ini or use ini_set() in C:\xampp\htdocs\ciapp\system\Email\Email.php:1771
Stack trace:
#0 [internal function]: CodeIgniter\Debug\Exceptions->errorHandler(2, 'mail(): Failed ...', 'C:\\xampp\\htdocs...', 1771)
#1 C:\xampp\htdocs\ciapp\system\Email\Email.php(1771): mail('v4516820@gmail....', '=?UTF-8?Q?Email...', 'Your verificati...', 'Date: Tue, 12 A...', '-f noreplyzem63...')
#2 C:\xampp\htdocs\ciapp\system\Email\Email.php(1703): CodeIgniter\Email\Email->sendWithMail()
#3 C:\xampp\htdocs\ciapp\system\Email\Email.php(1597): CodeIgniter\Email\Email->spoolEmail()
#4 C:\xampp\htdocs\ciapp\app\Controllers\vendor\User.php(46): CodeIgniter\Email\Email->send()
#5 C:\xampp\htdocs\ciapp\system\CodeIgniter.php(933): App\Controllers\vendor\User->ajaxRegister()
#6 C:\xampp\htdocs\ciapp\system\CodeIgniter.php(507): CodeIgniter\CodeIgniter->runController(Object(App\Controllers\vendor\User))
#7 C:\xampp\htdocs\ciapp\system\CodeIgniter.php(354): CodeIgniter\CodeIgniter->handleRequest(NULL, Object(Config\Cache), false)
#8 C:\xampp\htdocs\ciapp\system\Boot.php(363): CodeIgniter\CodeIgniter->run()
#9 C:\xampp\htdocs\ciapp\system\Boot.php(68): CodeIgniter\Boot::runCodeIgniter(Object(CodeIgniter\CodeIgniter))
#10 C:\xampp\htdocs\ciapp\public\index.php(59): CodeIgniter\Boot::bootWeb(Object(Config\Paths))
#11 {main}
ERROR - 2025-08-12 16:05:05 --> Email: Unable to send email using PHP mail(). Your server might not be configured to send mail using this method.
ERROR - 2025-08-12 16:05:05 --> 
CRITICAL - 2025-08-12 16:11:36 --> TypeError: fwrite(): supplied resource is not a valid stream resource
[Method: POST, Route: vendor/User/ajaxRegister]
in SYSTEMPATH\Email\Email.php on line 2084.
 1 SYSTEMPATH\Email\Email.php(2084): fwrite(NULL, 'QUIT
')
 2 SYSTEMPATH\Email\Email.php(1993): CodeIgniter\Email\Email->sendData('QUIT
')
 3 SYSTEMPATH\Email\Email.php(2232): CodeIgniter\Email\Email->sendCommand('quit')
 4 [internal function]: CodeIgniter\Email\Email->__destruct()
CRITICAL - 2025-08-12 16:16:04 --> TypeError: fwrite(): supplied resource is not a valid stream resource
[Method: POST, Route: vendor/User/ajaxRegister]
in SYSTEMPATH\Email\Email.php on line 2084.
 1 SYSTEMPATH\Email\Email.php(2084): fwrite(NULL, 'QUIT
')
 2 SYSTEMPATH\Email\Email.php(1993): CodeIgniter\Email\Email->sendData('QUIT
')
 3 SYSTEMPATH\Email\Email.php(2232): CodeIgniter\Email\Email->sendCommand('quit')
 4 [internal function]: CodeIgniter\Email\Email->__destruct()
CRITICAL - 2025-08-12 16:18:48 --> TypeError: fwrite(): supplied resource is not a valid stream resource
[Method: POST, Route: vendor/User/ajaxRegister]
in SYSTEMPATH\Email\Email.php on line 2084.
 1 SYSTEMPATH\Email\Email.php(2084): fwrite(NULL, 'QUIT
')
 2 SYSTEMPATH\Email\Email.php(1993): CodeIgniter\Email\Email->sendData('QUIT
')
 3 SYSTEMPATH\Email\Email.php(2232): CodeIgniter\Email\Email->sendCommand('quit')
 4 [internal function]: CodeIgniter\Email\Email->__destruct()
CRITICAL - 2025-08-12 16:25:31 --> TypeError: fwrite(): supplied resource is not a valid stream resource
[Method: POST, Route: vendor/User/ajaxRegister]
in SYSTEMPATH\Email\Email.php on line 2084.
 1 SYSTEMPATH\Email\Email.php(2084): fwrite(NULL, 'QUIT
')
 2 SYSTEMPATH\Email\Email.php(1993): CodeIgniter\Email\Email->sendData('QUIT
')
 3 SYSTEMPATH\Email\Email.php(2232): CodeIgniter\Email\Email->sendCommand('quit')
 4 [internal function]: CodeIgniter\Email\Email->__destruct()
CRITICAL - 2025-08-12 16:29:42 --> TypeError: fwrite(): supplied resource is not a valid stream resource
[Method: POST, Route: vendor/User/ajaxRegister]
in SYSTEMPATH\Email\Email.php on line 2084.
 1 SYSTEMPATH\Email\Email.php(2084): fwrite(NULL, 'QUIT
')
 2 SYSTEMPATH\Email\Email.php(1993): CodeIgniter\Email\Email->sendData('QUIT
')
 3 SYSTEMPATH\Email\Email.php(2232): CodeIgniter\Email\Email->sendCommand('quit')
 4 [internal function]: CodeIgniter\Email\Email->__destruct()
CRITICAL - 2025-08-12 16:32:28 --> TypeError: fwrite(): supplied resource is not a valid stream resource
[Method: POST, Route: vendor/User/ajaxRegister]
in SYSTEMPATH\Email\Email.php on line 2084.
 1 SYSTEMPATH\Email\Email.php(2084): fwrite(NULL, 'QUIT
')
 2 SYSTEMPATH\Email\Email.php(1993): CodeIgniter\Email\Email->sendData('QUIT
')
 3 SYSTEMPATH\Email\Email.php(2232): CodeIgniter\Email\Email->sendCommand('quit')
 4 [internal function]: CodeIgniter\Email\Email->__destruct()
CRITICAL - 2025-08-12 16:33:19 --> TypeError: fwrite(): supplied resource is not a valid stream resource
[Method: POST, Route: vendor/User/ajaxRegister]
in SYSTEMPATH\Email\Email.php on line 2084.
 1 SYSTEMPATH\Email\Email.php(2084): fwrite(NULL, 'QUIT
')
 2 SYSTEMPATH\Email\Email.php(1993): CodeIgniter\Email\Email->sendData('QUIT
')
 3 SYSTEMPATH\Email\Email.php(2232): CodeIgniter\Email\Email->sendCommand('quit')
 4 [internal function]: CodeIgniter\Email\Email->__destruct()
CRITICAL - 2025-08-12 16:34:47 --> TypeError: fwrite(): supplied resource is not a valid stream resource
[Method: POST, Route: vendor/User/ajaxRegister]
in SYSTEMPATH\Email\Email.php on line 2084.
 1 SYSTEMPATH\Email\Email.php(2084): fwrite(NULL, 'QUIT
')
 2 SYSTEMPATH\Email\Email.php(1993): CodeIgniter\Email\Email->sendData('QUIT
')
 3 SYSTEMPATH\Email\Email.php(2232): CodeIgniter\Email\Email->sendCommand('quit')
 4 [internal function]: CodeIgniter\Email\Email->__destruct()
CRITICAL - 2025-08-12 16:39:27 --> TypeError: fwrite(): supplied resource is not a valid stream resource
[Method: POST, Route: vendor/User/ajaxRegister]
in SYSTEMPATH\Email\Email.php on line 2084.
 1 SYSTEMPATH\Email\Email.php(2084): fwrite(NULL, 'QUIT
')
 2 SYSTEMPATH\Email\Email.php(1993): CodeIgniter\Email\Email->sendData('QUIT
')
 3 SYSTEMPATH\Email\Email.php(2232): CodeIgniter\Email\Email->sendCommand('quit')
 4 [internal function]: CodeIgniter\Email\Email->__destruct()
CRITICAL - 2025-08-12 16:47:54 --> TypeError: fwrite(): supplied resource is not a valid stream resource
[Method: POST, Route: vendor/User/ajaxRegister]
in SYSTEMPATH\Email\Email.php on line 2084.
 1 SYSTEMPATH\Email\Email.php(2084): fwrite(NULL, 'QUIT
')
 2 SYSTEMPATH\Email\Email.php(1993): CodeIgniter\Email\Email->sendData('QUIT
')
 3 SYSTEMPATH\Email\Email.php(2232): CodeIgniter\Email\Email->sendCommand('quit')
 4 [internal function]: CodeIgniter\Email\Email->__destruct()
DEBUG - 2025-08-12 16:48:14 --> Session: Class initialized using 'CodeIgniter\Session\Handlers\FileHandler' driver.
CRITICAL - 2025-08-12 16:49:00 --> TypeError: fwrite(): supplied resource is not a valid stream resource
[Method: POST, Route: vendor/User/ajaxRegister]
in SYSTEMPATH\Email\Email.php on line 2084.
 1 SYSTEMPATH\Email\Email.php(2084): fwrite(NULL, 'QUIT
')
 2 SYSTEMPATH\Email\Email.php(1993): CodeIgniter\Email\Email->sendData('QUIT
')
 3 SYSTEMPATH\Email\Email.php(2232): CodeIgniter\Email\Email->sendCommand('quit')
 4 [internal function]: CodeIgniter\Email\Email->__destruct()
CRITICAL - 2025-08-12 16:52:30 --> TypeError: fwrite(): supplied resource is not a valid stream resource
[Method: POST, Route: vendor/User/ajaxRegister]
in SYSTEMPATH\Email\Email.php on line 2084.
 1 SYSTEMPATH\Email\Email.php(2084): fwrite(NULL, 'QUIT
')
 2 SYSTEMPATH\Email\Email.php(1993): CodeIgniter\Email\Email->sendData('QUIT
')
 3 SYSTEMPATH\Email\Email.php(2232): CodeIgniter\Email\Email->sendCommand('quit')
 4 [internal function]: CodeIgniter\Email\Email->__destruct()
CRITICAL - 2025-08-12 16:56:25 --> TypeError: fwrite(): supplied resource is not a valid stream resource
[Method: POST, Route: vendor/User/ajaxRegister]
in SYSTEMPATH\Email\Email.php on line 2084.
 1 SYSTEMPATH\Email\Email.php(2084): fwrite(NULL, 'QUIT
')
 2 SYSTEMPATH\Email\Email.php(1993): CodeIgniter\Email\Email->sendData('QUIT
')
 3 SYSTEMPATH\Email\Email.php(2232): CodeIgniter\Email\Email->sendCommand('quit')
 4 [internal function]: CodeIgniter\Email\Email->__destruct()
CRITICAL - 2025-08-12 16:57:46 --> TypeError: fwrite(): supplied resource is not a valid stream resource
[Method: POST, Route: vendor/User/ajaxRegister]
in SYSTEMPATH\Email\Email.php on line 2084.
 1 SYSTEMPATH\Email\Email.php(2084): fwrite(NULL, 'QUIT
')
 2 SYSTEMPATH\Email\Email.php(1993): CodeIgniter\Email\Email->sendData('QUIT
')
 3 SYSTEMPATH\Email\Email.php(2232): CodeIgniter\Email\Email->sendCommand('quit')
 4 [internal function]: CodeIgniter\Email\Email->__destruct()
CRITICAL - 2025-08-12 16:59:23 --> TypeError: fwrite(): supplied resource is not a valid stream resource
[Method: POST, Route: vendor/User/ajaxRegister]
in SYSTEMPATH\Email\Email.php on line 2084.
 1 SYSTEMPATH\Email\Email.php(2084): fwrite(NULL, 'QUIT
')
 2 SYSTEMPATH\Email\Email.php(1993): CodeIgniter\Email\Email->sendData('QUIT
')
 3 SYSTEMPATH\Email\Email.php(2232): CodeIgniter\Email\Email->sendCommand('quit')
 4 [internal function]: CodeIgniter\Email\Email->__destruct()
CRITICAL - 2025-08-12 17:01:40 --> TypeError: fwrite(): supplied resource is not a valid stream resource
[Method: POST, Route: vendor/User/ajaxRegister]
in SYSTEMPATH\Email\Email.php on line 2084.
 1 SYSTEMPATH\Email\Email.php(2084): fwrite(NULL, 'QUIT
')
 2 SYSTEMPATH\Email\Email.php(1993): CodeIgniter\Email\Email->sendData('QUIT
')
 3 SYSTEMPATH\Email\Email.php(2232): CodeIgniter\Email\Email->sendCommand('quit')
 4 [internal function]: CodeIgniter\Email\Email->__destruct()
CRITICAL - 2025-08-12 17:02:13 --> TypeError: fwrite(): supplied resource is not a valid stream resource
[Method: POST, Route: vendor/User/ajaxRegister]
in SYSTEMPATH\Email\Email.php on line 2084.
 1 SYSTEMPATH\Email\Email.php(2084): fwrite(NULL, 'QUIT
')
 2 SYSTEMPATH\Email\Email.php(1993): CodeIgniter\Email\Email->sendData('QUIT
')
 3 SYSTEMPATH\Email\Email.php(2232): CodeIgniter\Email\Email->sendCommand('quit')
 4 [internal function]: CodeIgniter\Email\Email->__destruct()
CRITICAL - 2025-08-12 17:03:23 --> TypeError: fwrite(): supplied resource is not a valid stream resource
[Method: POST, Route: vendor/User/ajaxRegister]
in SYSTEMPATH\Email\Email.php on line 2084.
 1 SYSTEMPATH\Email\Email.php(2084): fwrite(NULL, 'QUIT
')
 2 SYSTEMPATH\Email\Email.php(1993): CodeIgniter\Email\Email->sendData('QUIT
')
 3 SYSTEMPATH\Email\Email.php(2232): CodeIgniter\Email\Email->sendCommand('quit')
 4 [internal function]: CodeIgniter\Email\Email->__destruct()
CRITICAL - 2025-08-12 17:04:04 --> TypeError: fwrite(): supplied resource is not a valid stream resource
[Method: POST, Route: vendor/User/ajaxRegister]
in SYSTEMPATH\Email\Email.php on line 2084.
 1 SYSTEMPATH\Email\Email.php(2084): fwrite(NULL, 'QUIT
')
 2 SYSTEMPATH\Email\Email.php(1993): CodeIgniter\Email\Email->sendData('QUIT
')
 3 SYSTEMPATH\Email\Email.php(2232): CodeIgniter\Email\Email->sendCommand('quit')
 4 [internal function]: CodeIgniter\Email\Email->__destruct()
CRITICAL - 2025-08-12 17:08:54 --> TypeError: fwrite(): supplied resource is not a valid stream resource
[Method: POST, Route: vendor/User/ajaxRegister]
in SYSTEMPATH\Email\Email.php on line 2084.
 1 SYSTEMPATH\Email\Email.php(2084): fwrite(NULL, 'QUIT
')
 2 SYSTEMPATH\Email\Email.php(1993): CodeIgniter\Email\Email->sendData('QUIT
')
 3 SYSTEMPATH\Email\Email.php(2232): CodeIgniter\Email\Email->sendCommand('quit')
 4 [internal function]: CodeIgniter\Email\Email->__destruct()
CRITICAL - 2025-08-12 17:13:21 --> TypeError: fwrite(): supplied resource is not a valid stream resource
[Method: POST, Route: vendor/User/ajaxRegister]
in SYSTEMPATH\Email\Email.php on line 2084.
 1 SYSTEMPATH\Email\Email.php(2084): fwrite(NULL, 'QUIT
')
 2 SYSTEMPATH\Email\Email.php(1993): CodeIgniter\Email\Email->sendData('QUIT
')
 3 SYSTEMPATH\Email\Email.php(2232): CodeIgniter\Email\Email->sendCommand('quit')
 4 [internal function]: CodeIgniter\Email\Email->__destruct()
CRITICAL - 2025-08-12 17:14:00 --> TypeError: fwrite(): supplied resource is not a valid stream resource
[Method: POST, Route: vendor/User/ajaxRegister]
in SYSTEMPATH\Email\Email.php on line 2084.
 1 SYSTEMPATH\Email\Email.php(2084): fwrite(NULL, 'QUIT
')
 2 SYSTEMPATH\Email\Email.php(1993): CodeIgniter\Email\Email->sendData('QUIT
')
 3 SYSTEMPATH\Email\Email.php(2232): CodeIgniter\Email\Email->sendCommand('quit')
 4 [internal function]: CodeIgniter\Email\Email->__destruct()
CRITICAL - 2025-08-12 17:22:53 --> TypeError: fwrite(): supplied resource is not a valid stream resource
[Method: POST, Route: vendor/UserVendor/ajaxRegister]
in SYSTEMPATH\Email\Email.php on line 2084.
 1 SYSTEMPATH\Email\Email.php(2084): fwrite(NULL, 'QUIT
')
 2 SYSTEMPATH\Email\Email.php(1993): CodeIgniter\Email\Email->sendData('QUIT
')
 3 SYSTEMPATH\Email\Email.php(2232): CodeIgniter\Email\Email->sendCommand('quit')
 4 [internal function]: CodeIgniter\Email\Email->__destruct()
CRITICAL - 2025-08-12 17:29:24 --> TypeError: fwrite(): supplied resource is not a valid stream resource
[Method: POST, Route: vendor/UserVendor/ajaxRegister]
in SYSTEMPATH\Email\Email.php on line 2084.
 1 SYSTEMPATH\Email\Email.php(2084): fwrite(NULL, 'QUIT
')
 2 SYSTEMPATH\Email\Email.php(1993): CodeIgniter\Email\Email->sendData('QUIT
')
 3 SYSTEMPATH\Email\Email.php(2232): CodeIgniter\Email\Email->sendCommand('quit')
 4 [internal function]: CodeIgniter\Email\Email->__destruct()
CRITICAL - 2025-08-12 17:29:55 --> TypeError: fwrite(): supplied resource is not a valid stream resource
[Method: POST, Route: vendor/UserVendor/ajaxRegister]
in SYSTEMPATH\Email\Email.php on line 2084.
 1 SYSTEMPATH\Email\Email.php(2084): fwrite(NULL, 'QUIT
')
 2 SYSTEMPATH\Email\Email.php(1993): CodeIgniter\Email\Email->sendData('QUIT
')
 3 SYSTEMPATH\Email\Email.php(2232): CodeIgniter\Email\Email->sendCommand('quit')
 4 [internal function]: CodeIgniter\Email\Email->__destruct()
CRITICAL - 2025-08-12 17:30:02 --> TypeError: fwrite(): supplied resource is not a valid stream resource
[Method: POST, Route: vendor/UserVendor/ajaxRegister]
in SYSTEMPATH\Email\Email.php on line 2084.
 1 SYSTEMPATH\Email\Email.php(2084): fwrite(NULL, 'QUIT
')
 2 SYSTEMPATH\Email\Email.php(1993): CodeIgniter\Email\Email->sendData('QUIT
')
 3 SYSTEMPATH\Email\Email.php(2232): CodeIgniter\Email\Email->sendCommand('quit')
 4 [internal function]: CodeIgniter\Email\Email->__destruct()
CRITICAL - 2025-08-12 17:33:16 --> TypeError: fwrite(): supplied resource is not a valid stream resource
[Method: POST, Route: vendor/UserVendor/ajaxRegister]
in SYSTEMPATH\Email\Email.php on line 2084.
 1 SYSTEMPATH\Email\Email.php(2084): fwrite(NULL, 'QUIT
')
 2 SYSTEMPATH\Email\Email.php(1993): CodeIgniter\Email\Email->sendData('QUIT
')
 3 SYSTEMPATH\Email\Email.php(2232): CodeIgniter\Email\Email->sendCommand('quit')
 4 [internal function]: CodeIgniter\Email\Email->__destruct()
CRITICAL - 2025-08-12 17:33:50 --> TypeError: fwrite(): supplied resource is not a valid stream resource
[Method: POST, Route: vendor/UserVendor/ajaxRegister]
in SYSTEMPATH\Email\Email.php on line 2084.
 1 SYSTEMPATH\Email\Email.php(2084): fwrite(NULL, 'QUIT
')
 2 SYSTEMPATH\Email\Email.php(1993): CodeIgniter\Email\Email->sendData('QUIT
')
 3 SYSTEMPATH\Email\Email.php(2232): CodeIgniter\Email\Email->sendCommand('quit')
 4 [internal function]: CodeIgniter\Email\Email->__destruct()
CRITICAL - 2025-08-12 17:35:25 --> TypeError: fwrite(): supplied resource is not a valid stream resource
[Method: POST, Route: vendor/UserVendor/ajaxRegister]
in SYSTEMPATH\Email\Email.php on line 2084.
 1 SYSTEMPATH\Email\Email.php(2084): fwrite(NULL, 'QUIT
')
 2 SYSTEMPATH\Email\Email.php(1993): CodeIgniter\Email\Email->sendData('QUIT
')
 3 SYSTEMPATH\Email\Email.php(2232): CodeIgniter\Email\Email->sendCommand('quit')
 4 [internal function]: CodeIgniter\Email\Email->__destruct()
CRITICAL - 2025-08-12 17:36:58 --> TypeError: fwrite(): supplied resource is not a valid stream resource
[Method: POST, Route: vendor/UserVendor/ajaxRegister]
in SYSTEMPATH\Email\Email.php on line 2084.
 1 SYSTEMPATH\Email\Email.php(2084): fwrite(NULL, 'QUIT
')
 2 SYSTEMPATH\Email\Email.php(1993): CodeIgniter\Email\Email->sendData('QUIT
')
 3 SYSTEMPATH\Email\Email.php(2232): CodeIgniter\Email\Email->sendCommand('quit')
 4 [internal function]: CodeIgniter\Email\Email->__destruct()
